
Run     SWR     Gain    F/B     F/R     R-a     X-a     Eff.    %Res.   %Stp  R       

1-0     1.3091  0       0       0       42.331  -9.782  96.62   0    	0    	6.0591  
1       1.2906  0       0       0       42.339  -8.935  96.61   8.e-3	0.1  	6.0652  
1-1                                                                           1       

1-2     4.6889  0       0       0       43.228  78.91   96.03   -0.69	10   	6.665   
2       1.2906  0       0       0       42.339  -8.935  96.61   8.e-3	0.1  	6.0652  
2-1                                                                           1       

2-2     1.2541  0       0       0       42.491  7.2791  96.52   0.025	2    	6.1803  
2-3     1.7442  0       0       0       42.664  24.971  96.41   -0.18	2    	6.3039  
3       1.271   0       0       0       42.5    8.1563  96.51   -9e-3	0.1  	6.1865  
3-1                                                                           -1      

3-2     1.2384  0       0       0       42.483  6.4027  96.52   9.e-3	0.1  	6.1741  
3-3     1.2242  0       0       0       42.475  5.5278  96.53   9.e-3	0.1  	6.1679  
3-4     1.2115  0       0       0       42.466  4.6545  96.53   9.e-3	0.1  	6.1618  
3-5     1.2007  0       0       0       42.458  3.7828  96.54   9.e-3	0.1  	6.1556  
3-6     1.1918  0       0       0       42.45   2.9126  96.54   9.e-3	0.1  	6.1494  
3-7     1.185   0       0       0       42.442  2.044   96.55   9.e-3	0.1  	6.1433  
3-8     1.1806  0       0       0       42.433  1.1771  96.56   9.e-3	0.1  	6.1371  
3-9     1.1787  0       0       0       42.425  0.3114  96.56   9.e-3	0.1  	6.131   
3-10    1.1793  0       0       0       42.417  -0.553  96.57   -2e-3	0.1  	6.1249  
4       1.1787  0       0       0       42.425  0.3106  96.56   2.e-3	0.1  	6.131   
4-1                                                                           1       

4-2     1.1789  0       0       0       42.419  -0.337  96.56   2.e-3	0.025	6.1264  
4-3     1.1787  0       0       0       42.421  -0.121  96.56   2.e-3	0.025	6.1279  
4-4     1.1786  0       0       0       42.423  0.0949  96.56   3.e-4	0.025	6.1295  
4-5     1.1787  0       0       0       42.425  0.311   96.56   -2e-3	0.025	6.131   
5       1.1786  0       0       0       42.424  0.1382  96.56   -4e-4	5.e-3	6.1298  
5-1                                                                           -1      

5-2     1.1786  0       0       0       42.423  0.0842  96.56   1.e-4	1.e-3	6.1294  
