Sel: Roul-wheel	Xov: Blend-X prob:70	Mut: Uniform prob:4

Run     Rank    SWR     Gain    F/B     F/R     R-a     X-a     Eff.    L1      W       

1-1     23      238.14  8.17    0       0       31.424  -608.8  74.45   2.5     2.5     
1-2     29      180.15  9.22    0       0       22.51   446.94  72.37   3.8964  1.8913  
1-3     22      538.83  8.05    0       0       13.673  -604.7  70.64   2.6448  1.5605  
1-4     25      119.25  9.34    0       0       67.461  628.67  77.12   3.8631  3.0716  
1-5     18      191.22  7.97    0       0       64.628  -781.8  74.68   2.0508  3.4398  
1-6     1       2592.4  5.23    0       0       90422   59536   61.53   1.3708  1.7996  
1-7     19      662.95  7.91    0       0       14.973  -702.6  70.24   2.5506  1.5759  
1-8     49      2.6083  8.96    0       0       27.987  -30.05  76.7    3.2436  2.525   
1-9     4       622.46  7.22    0       0       176.98  -2340   71.57   1.2801  3.3577  
1-10    13      269.15  7.82    0       0       68.842  -958.8  74.06   1.9247  3.3405  
1-11    42      18.426  9.14    0       0       42.719  187.48  77.69   3.4456  2.9636  
1-12    7       1509.2  6.87    0       0       39.526  -1726   66.87   1.9876  1.6969  
1-13    21      266.75  8.1     0       0       33.774  -668.4  74.2    2.4285  2.5458  
1-14    41      15.885  9.08    0       0       63.118  209.4   78.43   3.3358  3.5557  
1-15    15      166.72  7.92    0       0       83.501  -828.6  74.71   1.8291  3.8505  
1-16    6       650.72  7.23    0       0       107.13  -1863   71.24   1.5894  2.9786  
1-17    28      96.29   8.3     0       0       49.737  -484.3  75.97   2.4464  3.2774  
1-18    46      3.9103  8.76    0       0       59.012  -79.44  77.89   2.9092  3.6551  
1-19    40      92.651  8.94    0       0       10.509  214.66  67.78   3.6966  1.3752  
1-20    31      86.992  9.29    0       0       39.932  411.85  76.42   3.7585  2.6172  
1-21    35      93.077  8.61    0       0       18.339  -287.3  74.47   2.9681  2.0252  
1-22    2       1495.4  6.41    0       0       156.5   -3417   66.75   1.6023  2.1416  
1-23    30      293.42  8.9     0       0       11.695  411.03  64.97   3.9148  1.3128  
1-24    36      36.271  9.21    0       0       50.14   293.23  77.87   3.5441  3.09    
1-25    48      5.4132  9.01    0       0       15.654  40.452  73.71   3.4363  1.8358  
1-26    26      453.33  8.11    0       0       15.377  -588.1  71.58   2.6499  1.6859  
1-27    3       891.29  6.9     0       0       213.91  -3080   69.79   1.3463  2.9505  
1-28    10      317.12  7.67    0       0       86.439  -1166   73.47   1.7101  3.4799  
1-29    27      194.23  8.19    0       0       36.056  -588.5  74.78   2.4774  2.7052  
1-30    8       885.18  7.21    0       0       52.965  -1529   70.04   1.9389  2.2518  
1-31    45      8.0695  8.79    0       0       44.634  -117.4  77.66   2.9748  3.2118  
1-32    39      19.275  9.1     0       0       66.089  238.74  78.48   3.3606  3.6003  
1-33    11      358.67  7.76    0       0       56.471  -1004   73.38   2.0262  2.9537  
1-34    44      12.54   8.86    0       0       26.367  -115.9  76.5    3.1339  2.4709  
1-35    43      10.52   9.04    0       0       60.405  160.97  78.35   3.2802  3.5323  
1-36    33      73.833  8.55    0       0       30.213  -328.9  75.94   2.8141  2.62    
1-37    47      3.463   8.98    0       0       51.423  67.098  78.18   3.2013  3.3505  
1-38    34      29.585  8.47    0       0       62.729  -294    77.03   2.5516  3.7679  
1-39    14      298.23  7.86    0       0       52.768  -884.1  73.74   2.1134  2.984   
1-40    5       594.53  7.27    0       0       125.45  -1926   71.64   1.4793  3.1883  
1-41    17      261.58  7.94    0       0       50.126  -806.6  74.13   2.1799  2.9894  
1-42    9       398.96  7.52    0       0       106.39  -1452   72.75   1.5361  3.4856  
1-43    50      2.0888  9.01    0       0       25.687  11.735  76.41   3.3216  2.4009  
1-44    37      88.569  9.16    0       0       17.725  275.12  72.61   3.7295  1.81    
1-45    32      51.831  8.45    0       0       51.622  -358.7  76.77   2.5726  3.4132  
1-46    12      822.34  7.63    0       0       21.996  -949.4  70.17   2.334   1.7595  
1-47    24      169.84  8.17    0       0       44.605  -611.8  75.21   2.3728  3.0035  
1-48    16      154.8   7.92    0       0       88.501  -821.4  74.79   1.7781  3.9702  
1-49    38      95.188  8.63    0       0       13.798  -251    73.09   3.0488  1.739   
1-50    20      161.78  9.35    0       0       66.534  728.9   76.37   3.9689  2.8932  
---------------------------------------------------------------------
Average :       332.1   8.244   0       0       1863    632.2   73.7    
Optimum :       2.089   9.35    0       0       50.13   11.74   78.48   
 
2-1     6       191.22  7.97    0       0       64.628  -781.8  74.68   2.0508  3.4398  
2-2     45      2.6083  8.96    0       0       27.987  -30.05  76.7    3.2436  2.525   
2-3     21      82.977  9.3     0       0       46.559  434.2   76.92   3.7474  2.8013  
2-4     40      10.759  8.89    0       0       19.503  -87.76  75.23   3.2294  2.1061  
2-5     44      2.1465  8.83    0       0       55.394  -40.83  78      3.0007  3.5339  
2-6     34      12.415  8.72    0       0       48.039  -158.8  77.58   2.8834  3.333   
2-7     32      19.295  9.11    0       0       59.943  227.8   78.34   3.3853  3.4489  
2-8     38      9.3191  9.08    0       0       41.946  124.54  77.71   3.3601  2.9917  
2-9     46      2.6083  8.96    0       0       27.987  -30.05  76.7    3.2436  2.525   
2-10    42      3.463   8.98    0       0       51.423  67.098  78.18   3.2013  3.3505  
2-11    47      2.0888  9.01    0       0       25.687  11.735  76.41   3.3216  2.4009  
2-12    11      128.49  9.34    0       0       69.991  665.04  77.03   3.8904  3.0716  
2-13    29      95.188  8.63    0       0       13.798  -251    73.09   3.0488  1.739   
2-14    12      169.84  8.17    0       0       44.605  -611.8  75.21   2.3728  3.0035  
2-15    39      8.0695  8.79    0       0       44.634  -117.4  77.66   2.9748  3.2118  
2-16    7       191.22  7.97    0       0       64.628  -781.8  74.68   2.0508  3.4398  
2-17    37      12.54   8.86    0       0       26.367  -115.9  76.5    3.1339  2.4709  
2-18    2       358.67  7.76    0       0       56.471  -1004   73.38   2.0262  2.9537  
2-19    13      119.25  9.34    0       0       67.461  628.67  77.12   3.8631  3.0716  
2-20    14      119.25  9.34    0       0       67.461  628.67  77.12   3.8631  3.0716  
2-21    25      65.296  8.58    0       0       30.129  -308.2  76.05   2.8409  2.6237  
2-22    33      9.1258  8.96    0       0       79.097  166.64  78.56   3.1563  4       
2-23    9       161.78  9.35    0       0       66.534  728.9   76.37   3.9689  2.8932  
2-24    48      2.0888  9.01    0       0       25.687  11.735  76.41   3.3216  2.4009  
2-25    18      159.59  8.33    0       0       30.489  -489.8  75.07   2.6252  2.5481  
2-26    28      52.927  8.66    0       0       26.484  -258.7  75.97   2.9372  2.4685  
2-27    5       261.58  7.94    0       0       50.126  -806.6  74.13   2.1799  2.9894  
2-28    43      3.463   8.98    0       0       51.423  67.098  78.18   3.2013  3.3505  
2-29    15      119.25  9.34    0       0       67.461  628.67  77.12   3.8631  3.0716  
2-30    24      139.3   9.19    0       0       19.128  361.06  72.18   3.822   1.81    
2-31    20      94.776  8.42    0       0       37.36   -416.1  76.02   2.6416  2.8795  
2-32    4       827.12  7.76    0       0       14.979  -785.3  69.32   2.4857  1.5117  
2-33    1       449.95  7.44    0       0       133.12  -1725   72.72   1.3703  3.5545  
2-34    26      47.116  9.24    0       0       44.842  318.08  77.47   3.6114  2.8948  
2-35    8       191.22  7.97    0       0       64.628  -781.8  74.68   2.0508  3.4398  
2-36    30      95.188  8.63    0       0       13.798  -251    73.09   3.0488  1.739   
2-37    27      93.077  8.61    0       0       18.339  -287.3  74.47   2.9681  2.0252  
2-38    35      10.52   9.04    0       0       60.405  160.97  78.35   3.2802  3.5323  
2-39    22      86.992  9.29    0       0       39.932  411.85  76.42   3.7585  2.6172  
2-40    10      161.78  9.35    0       0       66.534  728.9   76.37   3.9689  2.8932  
2-41    41      4.3888  8.78    0       0       53.288  -83.43  77.82   2.9522  3.4848  
2-42    36      19.105  8.84    0       0       21.021  -131.1  75.62   3.1564  2.1978  
2-43    49      2.0888  9.01    0       0       25.687  11.735  76.41   3.3216  2.4009  
2-44    31      32.235  9.2     0       0       37.848  239.01  77.2    3.5511  2.7414  
2-45    50      2.0888  9.01    0       0       25.687  11.735  76.41   3.3216  2.4009  
2-46    16      453.33  8.11    0       0       15.377  -588.1  71.58   2.6499  1.6859  
2-47    19      375.79  8.25    0       0       9.1077  -410.5  68.99   2.8742  1.3128  
2-48    3       166.72  7.92    0       0       83.501  -828.6  74.71   1.8291  3.8505  
2-49    23      62.332  8.44    0       0       47.124  -377.1  76.59   2.5937  3.2561  
2-50    17      205.43  8.19    0       0       34.956  -596.1  74.82   2.4789  2.6572  
---------------------------------------------------------------------
Average :       117.9   8.717   0       0       44.37   -130    75.75   
Optimum :       2.089   9.35    0       0       50.13   11.74   78.56   
 
3-1     6       105.09  9.32    0       0       103.83  729.63  77.93   3.8189  3.6239  
3-2     29      6.3033  9.06    0       0       40.913  95.105  77.79   3.3244  2.9799  
3-3     5       177.26  9.35    0       0       66.092  760.88  75.99   4       2.8333  
3-4     25      9.4721  9.09    0       0       36.575  116.95  77.36   3.389   2.8014  
3-5     23      22.823  9.14    0       0       23.279  153.54  75.48   3.5368  2.1996  
3-6     18      28.008  8.54    0       0       54.581  -266.6  77.13   2.6682  3.5342  
3-7     45      2.791   9.03    0       0       26.217  30.674  76.47   3.3444  2.4176  
3-8     38      3.8346  8.94    0       0       27.498  -48.73  76.62   3.2208  2.5083  
3-9     36      3.463   8.98    0       0       51.423  67.098  78.18   3.2013  3.3505  
3-10    9       205.43  8.19    0       0       34.956  -596.1  74.82   2.4789  2.6572  
3-11    7       162.63  9.35    0       0       63.821  715.83  76.29   3.9676  2.8513  
3-12    24      6.732   8.97    0       0       67.407  127.07  78.41   3.1757  3.7525  
3-13    15      49.453  9.24    0       0       53.184  355.29  77.84   3.6092  3.1031  
3-14    26      7.8498  9.06    0       0       44.507  115.2   77.83   3.3273  3.0872  
3-15    42      2.6083  8.96    0       0       27.987  -30.05  76.7    3.2436  2.525   
3-16    43      2.6083  8.96    0       0       27.987  -30.05  76.7    3.2436  2.525   
3-17    30      4.8601  8.82    0       0       45.058  -82.96  77.64   3.0236  3.2158  
3-18    31      3.9686  8.98    0       0       54.371  77.574  78.27   3.1948  3.4331  
3-19    4       142.34  9.34    0       0       96.236  820.46  77.11   3.9416  3.3319  
3-20    44      2.3812  8.94    0       0       32.756  -31.86  77.15   3.2023  2.7341  
3-21    28      6.5227  9.03    0       0       51.683  109.91  78.24   3.2652  3.3259  
3-22    3       159.19  9.35    0       0       90.715  843.41  76.75   3.9832  3.1945  
3-23    19      52.671  8.66    0       0       26.812  -259.6  76      2.9331  2.484   
3-24    27      8.4824  8.86    0       0       31.936  -101.1  76.94   3.109   2.7182  
3-25    34      5.7399  8.93    0       0       23.93   -63.27  76.12   3.2289  2.3393  
3-26    12      108.48  8.45    0       0       30.701  -403.8  75.67   2.7179  2.6097  
3-27    41      2.1465  8.83    0       0       55.394  -40.83  78      3.0007  3.5339  
3-28    10      159.59  8.33    0       0       30.489  -489.8  75.07   2.6252  2.5481  
3-29    48      2.2234  8.98    0       0       25.812  -16.84  76.43   3.2799  2.4182  
3-30    50      1.7993  8.99    0       0       27.841  -1.8    76.7    3.2853  2.5077  
3-31    37      3.463   8.98    0       0       51.423  67.098  78.18   3.2013  3.3505  
3-32    20      28.013  8.68    0       0       38.027  -222.2  76.97   2.8834  2.9716  
3-33    11      89.368  9.31    0       0       54.387  487.44  77.19   3.768   2.9549  
3-34    1       564.71  7.29    0       0       160.25  -2121   71.94   1.3047  3.4206  
3-35    33      4.6759  9.04    0       0       39.053  74.316  77.68   3.308   2.9267  
3-36    32      4.6483  9.04    0       0       41.287  76.389  77.81   3.2938  3.0065  
3-37    8       186.4   9.34    0       0       54.418  708.33  75.55   4       2.6335  
3-38    14      69.768  9.28    0       0       47.644  401.83  77.18   3.7016  2.8769  
3-39    47      1.8293  8.94    0       0       35.867  -21.78  77.39   3.1916  2.8565  
3-40    17      57.077  9.25    0       0       35.052  310.38  76.59   3.6634  2.5633  
3-41    35      4.9921  9.07    0       0       27.855  62.895  76.67   3.3776  2.4767  
3-42    16      78.877  8.59    0       0       25.233  -310.5  75.56   2.8813  2.3927  
3-43    46      2.6571  9.03    0       0       26.704  28.934  76.55   3.3382  2.4413  
3-44    39      3.7765  8.94    0       0       26.998  -47.19  76.57   3.2271  2.4846  
3-45    49      2.0888  9.01    0       0       25.687  11.735  76.41   3.3216  2.4009  
3-46    2       162.18  9.35    0       0       105.43  917.27  76.85   4       3.3203  
3-47    40      4.558   8.95    0       0       19.051  -41.08  75.11   3.2983  2.0704  
3-48    21      47.926  8.74    0       0       18.806  -205.5  74.93   3.0721  2.0695  
3-49    22      32.008  8.75    0       0       25.713  -195    76.17   3.0294  2.4407  
3-50    13      108.91  8.46    0       0       29.943  -399.6  75.64   2.7297  2.5783  
---------------------------------------------------------------------
Average :       58.29   8.934   0       0       45.26   44.77   76.69   
Optimum :       1.799   9.35    0       0       51.42   -1.8    78.41   
 
4-1     23      3.463   8.98    0       0       51.423  67.098  78.18   3.2013  3.3505  
4-2     39      2.791   9.03    0       0       26.217  30.674  76.47   3.3444  2.4176  
4-3     35      2.6083  8.96    0       0       27.987  -30.05  76.7    3.2436  2.525   
4-4     2       177.26  9.35    0       0       66.092  760.88  75.99   4       2.8333  
4-5     5       89.368  9.31    0       0       54.387  487.44  77.19   3.768   2.9549  
4-6     36      2.6083  8.96    0       0       27.987  -30.05  76.7    3.2436  2.525   
4-7     25      3.9991  8.94    0       0       27.121  -50.26  76.58   3.2217  2.4912  
4-8     11      24.383  8.59    0       0       52.101  -241.7  77.24   2.7264  3.4612  
4-9     28      4.558   8.95    0       0       19.051  -41.08  75.11   3.2983  2.0704  
4-10    33      2.1465  8.83    0       0       55.394  -40.83  78      3.0007  3.5339  
4-11    44      1.609   8.97    0       0       41.615  20.231  77.77   3.2074  3.0525  
4-12    14      10.371  8.8     0       0       38.502  -127.2  77.4    3.0141  2.9897  
4-13    3       177.26  9.35    0       0       66.092  760.88  75.99   4       2.8333  
4-14    13      11.71   9.05    0       0       60.105  171.28  78.35   3.2983  3.5137  
4-15    43      2.2234  8.98    0       0       25.812  -16.84  76.43   3.2799  2.4182  
4-16    15      8.694   9.07    0       0       42.259  119.7   77.72   3.3507  3.0065  
4-17    7       116.6   8.58    0       0       15.436  -295.4  73.56   2.9797  1.84    
4-18    8       52.295  8.58    0       0       35.104  -296.8  76.44   2.8103  2.8393  
4-19    24      3.463   8.98    0       0       51.423  67.098  78.18   3.2013  3.3505  
4-20    18      3.9686  8.98    0       0       54.371  77.574  78.27   3.1948  3.4331  
4-21    32      3.2972  8.96    0       0       23.489  -34.31  76.06   3.2735  2.309   
4-22    27      3.7505  8.94    0       0       26.246  -45.64  76.47   3.2354  2.4485  
4-23    10      34.157  8.59    0       0       44.547  -267.7  76.97   2.7611  3.2039  
4-24    12      27.946  8.69    0       0       35.845  -215.3  76.9    2.9126  2.8864  
4-25    4       159.6   9.34    0       0       52.325  642.14  75.93   3.9459  2.6752  
4-26    46      1.4022  8.88    0       0       50.573  -17.07  77.99   3.0778  3.3739  
4-27    41      1.789   8.93    0       0       39.134  -23.72  77.57   3.162   2.9827  
4-28    45      2.2478  8.99    0       0       23.316  -9.773  76.03   3.3096  2.292   
4-29    49      1.8355  8.99    0       0       27.314  -2.168  76.63   3.289   2.4835  
4-30    50      1.7993  8.99    0       0       27.841  -1.8    76.7    3.2853  2.5077  
4-31    19      4.6759  9.04    0       0       39.053  74.316  77.68   3.308   2.9267  
4-32    22      4.9921  9.07    0       0       27.855  62.895  76.67   3.3776  2.4767  
4-33    29      4.558   8.95    0       0       19.051  -41.08  75.11   3.2983  2.0704  
4-34    38      2.3812  8.94    0       0       32.756  -31.86  77.15   3.2023  2.7341  
4-35    16      6.6161  9.05    0       0       47.01   105.81  78.08   3.2942  3.1805  
4-36    21      7.2428  8.91    0       0       14.919  -52.76  73.69   3.3121  1.8166  
4-37    40      2.7009  8.98    0       0       23.11   -22.69  76      3.2929  2.2859  
4-38    31      3.7936  8.96    0       0       21.441  -37.28  75.68   3.2853  2.2026  
4-39    9       61.761  8.63    0       0       26.934  -282.8  75.9    2.9018  2.484   
4-40    37      2.6083  8.96    0       0       27.987  -30.05  76.7    3.2436  2.525   
4-41    47      2.2375  9.01    0       0       22.715  5.7307  75.91   3.3361  2.2552  
4-42    48      1.3422  8.96    0       0       40.524  9.3278  77.7    3.1999  3.0188  
4-43    30      3.8076  8.95    0       0       24.055  -42.62  76.16   3.2572  2.3402  
4-44    34      4.0414  9       0       0       16.116  26.387  73.97   3.4137  1.871   
4-45    20      4.6759  9.04    0       0       39.053  74.316  77.68   3.308   2.9267  
4-46    6       49.453  9.24    0       0       53.184  355.29  77.84   3.6092  3.1031  
4-47    26      3.1168  8.99    0       0       47.084  58.104  78.04   3.2213  3.2176  
4-48    17      5.4116  9.03    0       0       47.976  92.859  78.1    3.2673  3.222   
4-49    42      1.8293  8.94    0       0       35.867  -21.78  77.39   3.1916  2.8565  
4-50    1       585.51  7.43    0       0       64.277  -1369   71.58   1.8802  2.7182  
---------------------------------------------------------------------
Average :       34.04   8.932   0       0       37.2    7.002   76.65   
Optimum :       1.342   9.35    0       0       50.57   -1.8    78.35   
 
5-1     32      3.7262  8.96    0       0       21.099  -35.62  75.6    3.2903  2.1836  
5-2     11      10.813  9.04    0       0       59.462  162.44  78.33   3.2892  3.5046  
5-3     50      1.2683  8.95    0       0       41.193  6.2695  77.72   3.1899  3.0446  
5-4     43      1.7419  8.95    0       0       35.25   -18.42  77.35   3.2016  2.8307  
5-5     30      3.7303  8.96    0       0       22.125  -37.86  75.82   3.2791  2.2393  
5-6     29      3.1634  8.94    0       0       28.791  -40.99  76.78   3.2214  2.5652  
5-7     39      2.9513  9.03    0       0       22.65   26.704  75.87   3.3662  2.2431  
5-8     24      3.8833  8.93    0       0       28.111  -50.3   76.69   3.2136  2.5371  
5-9     21      4.3723  9.05    0       0       35.59   66.489  77.45   3.3233  2.8001  
5-10    12      6.4258  8.97    0       0       66.471  122.29  78.4    3.1749  3.7325  
5-11    36      2.6083  8.96    0       0       27.987  -30.05  76.7    3.2436  2.525   
5-12    16      4.6759  9.04    0       0       39.053  74.316  77.68   3.308   2.9267  
5-13    35      3.0315  9.04    0       0       24.091  31.121  76.13   3.3614  2.3142  
5-14    19      5.6771  8.93    0       0       22.223  -59.24  75.83   3.2482  2.2501  
5-15    10      46.788  8.67    0       0       9.2925  -138.4  70      3.2269  1.3936  
5-16    8       17.388  9.04    0       0       83.492  251.71  78.71   3.2662  4       
5-17    4       116.6   8.58    0       0       15.436  -295.4  73.56   3.2074  3.0525  
5-18    5       52.295  8.58    0       0       35.104  -296.8  76.44   3.2217  2.4912  
5-19    23      3.463   8.98    0       0       51.423  67.098  78.18   3.1143  3.1443  
5-20    15      3.9686  8.98    0       0       54.371  77.574  78.27   3.1211  3.063   
5-21    33      3.2972  8.96    0       0       23.489  -34.31  76.06   3.4143  3.0606  
5-22    26      3.7505  8.94    0       0       26.246  -45.64  76.47   3.1911  1.6669  
5-23    7       34.157  8.59    0       0       44.547  -267.7  76.97   3.2572  2.3402  
5-24    9       27.946  8.69    0       0       35.845  -215.3  76.9    2.7611  3.2039  
5-25    2       159.6   9.34    0       0       52.325  642.14  75.93   3.2098  2.4841  
5-26    45      1.4022  8.88    0       0       50.573  -17.07  77.99   2.9811  2.4834  
5-27    41      1.789   8.93    0       0       39.134  -23.72  77.57   3.2216  2.2474  
5-28    44      2.2478  8.99    0       0       23.316  -9.773  76.03   3.3218  3.1278  
5-29    48      1.8355  8.99    0       0       27.314  -2.168  76.63   3.2601  2.6563  
5-30    49      1.7993  8.99    0       0       27.841  -1.8    76.7    3.2853  2.5077  
5-31    17      4.6759  9.04    0       0       39.053  74.316  77.68   3.3156  2.5001  
5-32    22      4.9921  9.07    0       0       27.855  62.895  76.67   3.2777  2.9343  
5-33    27      4.558   8.95    0       0       19.051  -41.08  75.11   3.2762  2.325   
5-34    38      2.3812  8.94    0       0       32.756  -31.86  77.15   2.3171  2.3852  
5-35    13      6.6161  9.05    0       0       47.01   105.81  78.08   3.3178  1.6451  
5-36    20      7.2428  8.91    0       0       14.919  -52.76  73.69   2.9681  4       
5-37    40      2.7009  8.98    0       0       23.11   -22.69  76      3.2074  3.0525  
5-38    31      3.7936  8.96    0       0       21.441  -37.28  75.68   2.7264  3.4612  
5-39    6       61.761  8.63    0       0       26.934  -282.8  75.9    3.2563  2.4516  
5-40    37      2.6083  8.96    0       0       27.987  -30.05  76.7    3.2363  2.337   
5-41    46      2.2375  9.01    0       0       22.715  5.7307  75.91   3.2221  3.1649  
5-42    47      1.3422  8.96    0       0       40.524  9.3278  77.7    3.1447  2.6925  
5-43    28      3.8076  8.95    0       0       24.055  -42.62  76.16   3.3913  2.3448  
5-44    34      4.0414  9       0       0       16.116  26.387  73.97   3.3225  2.3872  
5-45    18      4.6759  9.04    0       0       39.053  74.316  77.68   3.2902  2.4041  
5-46    3       49.453  9.24    0       0       53.184  355.29  77.84   3.2979  2.5385  
5-47    25      3.1168  8.99    0       0       47.084  58.104  78.04   3.2013  3.3505  
5-48    14      5.4116  9.03    0       0       47.976  92.859  78.1    3.0778  3.3739  
5-49    42      1.8293  8.94    0       0       35.867  -21.78  77.39   3.3422  2.1767  
5-50    1       585.51  7.43    0       0       64.277  -1369   71.58   3.3384  2.4961  
---------------------------------------------------------------------
Average :       25.98   8.919   0       0       34.9    -23.2   76.52   
Optimum :       1.268   9.34    0       0       50.57   -1.8    78.71   
 
