
Run     SWR     Gain    F/B     F/R     R-a     X-a     Eff.    %Res.   %Stp  A       

1-0     1.3514  0       0       0       57.503  14.369  100     0    	0    	10.2    
1       1.3694  0       0       0       57.594  15.143  100     -9e-3	0.1  	10.21   
1-1                                                                           -1      

1-2     3.3076  0       0       0       49.869  -63.36  100     -0.42	10   	9.18    
2       1.3694  0       0       0       57.594  15.143  100     -9e-3	0.1  	10.21   
2-1                                                                           -1      

2-2     1.1172  0       0       0       55.748  -1.104  100     0.15 	2    	9.996   
2-3     1.3791  0       0       0       54.144  -16.28  100     -0.14	2    	9.7961  
3       1.3606  0       0       0       54.22   -15.53  100     7.e-3	0.1  	9.8059  
3-1                                                                           1       

3-2     1.2904  0       0       0       54.527  -12.56  100     0.033	0.5  	9.8451  
3-3     1.2122  0       0       0       54.918  -8.821  100     0.034	0.5  	9.8943  
3-4     1.1498  0       0       0       55.318  -5.067  100     0.034	0.5  	9.9438  
3-5     1.1176  0       0       0       55.727  -1.295  100     0.034	0.5  	9.9935  
3-6     1.1333  0       0       0       56.145  2.4946  100     -0.02	0.5  	10.043  
4       1.1417  0       0       0       56.23   3.2568  100     -8e-3	0.1  	10.053  
4-1                                                                           -1      

4-2     1.1249  0       0       0       56.039  1.5427  100     0.011	0.125	10.031  
4-3     1.1193  0       0       0       55.934  0.5916  100     0.011	0.125	10.018  
4-4     1.1168  0       0       0       55.83   -0.358  100     3.e-3	0.125	10.006  
4-5     1.1176  0       0       0       55.726  -1.307  100     -8e-3	0.125	9.9933  
5       1.1167  0       0       0       55.809  -0.549  100     7.e-3	0.1  	10.003  
5-1                                                                           1       

5-2     1.1171  0       0       0       55.752  -1.07   100     2.e-3	0.031	9.9964  
5-3     1.1168  0       0       0       55.778  -0.833  100     2.e-3	0.031	9.9996  
5-4     1.1167  0       0       0       55.803  -0.596  100     2.e-3	0.031	10.003  
5-5     1.1168  0       0       0       55.83   -0.359  100     2.e-3	0.031	10.006  
5-6     1.1171  0       0       0       55.856  -0.122  100     2.e-3	0.031	10.009  
5-7     1.1177  0       0       0       55.882  0.1152  100     -2e-4	0.031	10.012  
6       1.1184  0       0       0       55.908  0.3526  100     -3e-3	0.031	10.015  
6-1                                                                           -1      

6-2     1.1175  0       0       0       55.875  0.0561  100     7.e-4	8.e-3	10.011  
