
Run     SWR     Gain    F/B     F/R     R-a     X-a     Eff.    %Res.   %Stp  L       

1-0     181882  0       0       0       2.9e-4  -12.25  0       0    	0    	10      
1       181551  0       0       0       2.9e-4  -12.02  0       2.e-3	0.1  	10.01   
1-1                                                                           1       

1-2     178919  0       0       0       2.9e-4  10.116  0       0.021	10   	11      
1-3     245022  0       0       0       3.1e-4  35.293  0       -0.25	10   	12.1    
2       179225  0       0       0       2.9e-4  10.362  0       -2e-3	0.1  	11.011  
2-1                                                                           -1      

2-2     177496  0       0       0       2.9e-4  8.883   0       0.012	0.5  	10.945  
2-3     176264  0       0       0       2.9e-4  7.6582  0       0.012	0.5  	10.89   
2-4     175217  0       0       0       2.9e-4  6.4389  0       0.012	0.5  	10.836  
2-5     174355  0       0       0       2.9e-4  5.2272  0       0.012	0.5  	10.782  
2-6     173676  0       0       0       2.9e-4  4.0229  0       0.012	0.5  	10.728  
2-7     173177  0       0       0       2.9e-4  2.8258  0       0.012	0.5  	10.674  
2-8     172854  0       0       0       2.9e-4  1.6336  0       0.012	0.5  	10.621  
2-9     172706  0       0       0       2.9e-4  0.4483  0       0.012	0.5  	10.568  
2-10    172731  0       0       0       2.9e-4  -0.73   0       -3e-3	0.5  	10.515  
3       172712  0       0       0       2.9e-4  -0.496  0       2.e-3	0.1  	10.525  
3-1                                                                           1       

3-2     172709  0       0       0       2.9e-4  -0.438  0       3.e-3	0.125	10.528  
3-3     172697  0       0       0       2.9e-4  -0.143  0       3.e-3	0.125	10.541  
3-4     172696  0       0       0       2.9e-4  0.1514  0       -8e-5	0.125	10.554  
4       172703  0       0       0       2.9e-4  0.3858  0       -2e-3	0.1  	10.565  
4-1                                                                           -1      

4-2     172695  0       0       0       2.9e-4  0.0778  0       7.e-4	0.031	10.551  
4-3     172695  0       0       0       2.9e-4  4.1e-3  0       7.e-4	0.031	10.548  
4-4     172696  0       0       0       2.9e-4  -0.07   0       -7e-4	0.031	10.544  
5       172695  0       0       0       2.9e-4  4.1e-3  0       7.e-4	0.031	10.548  
5-1                                                                           1       

5-2     172696  0       0       0       2.9e-4  -0.052  0       2.e-4	8.e-3	10.545  
