
Run     SWR     Gain    F/B     F/R     R-a     X-a     Eff.    %Res.   %Stp  C       

1-0     1.1434  0       0       0       47.082  5.8168  99.01   0    	0    	0.9943  
1       1.1036  0       0       0       49.247  4.8356  98.98   0.02 	0.1  	0.9953  
1-1                                                                           1       

1-2     27.439  0       0       0       8.5503  95.777  97.96   -13.2	10   	1.0937  
2       1.1036  0       0       0       49.247  4.8356  98.98   0.02 	0.1  	0.9953  
2-1                                                                           1       

2-2     5.5039  0       0       0       9.5381  -10.98  96.33   -2.19	2    	1.0142  
3       1.1036  0       0       0       49.247  4.8356  98.98   0.02 	0.1  	0.9953  
3-1                                                                           1       

3-2     1.1095  0       0       0       55.125  -1.877  98.85   0.017	0.4  	0.9983  
3-3     1.4387  0       0       0       53.162  -18.59  98.59   -0.17	0.4  	1.0023  
4       1.1558  0       0       0       56.072  -4.695  98.81   -0.02	0.08 	0.9991  
4-1                                                                           -1      

4-2     1.0998  0       0       0       54.829  -1.23   98.86   5.e-3	0.02 	0.9981  
4-3     1.091   0       0       0       54.508  -0.609  98.87   4.e-3	0.02 	0.9979  
4-4     1.0835  0       0       0       54.175  -0.02   98.88   4.e-3	0.02 	0.9977  
4-5     1.0771  0       0       0       53.818  0.5392  98.89   3.e-3	0.02 	0.9975  
4-6     1.0722  0       0       0       53.441  1.0718  98.9    2.e-3	0.02 	0.9973  
4-7     1.069   0       0       0       53.058  1.5692  98.91   2.e-3	0.02 	0.9971  
4-8     1.0675  0       0       0       52.658  2.0436  98.92   7.e-4	0.02 	0.9969  
4-9     1.0678  0       0       0       52.248  2.4887  98.93   -1e-4	0.02 	0.9967  
5       1.0675  0       0       0       52.658  2.0436  98.92   1.e-4	0.02 	0.9969  
5-1                                                                           1       

5-2     1.0675  0       0       0       52.353  2.3758  98.92   1.e-4	5.e-3	0.9967  
